2023-11-17 09:35:35.241  INFO 11864 --- [main] c.r.SpringBootRestApiStarterApplication  : Starting SpringBootRestApiStarterApplication using Java 17.0.8 on KS20L480 with PID 11864 (C:\Users\kumaran\Documents\Projects\SpringBoot Restaurant Ordering System\target\classes started by kumaran in C:\Users\kumaran\Documents\Projects\SpringBoot Restaurant Ordering System)
2023-11-17 09:35:35.254  INFO 11864 --- [main] c.r.SpringBootRestApiStarterApplication  : No active profile set, falling back to 1 default profile: "default"
2023-11-17 09:35:37.677  INFO 11864 --- [main] .s.d.r.c.RepositoryConfigurationDelegate : Bootstrapping Spring Data JPA repositories in DEFAULT mode.
2023-11-17 09:35:37.902  INFO 11864 --- [main] .s.d.r.c.RepositoryConfigurationDelegate : Finished Spring Data repository scanning in 199 ms. Found 8 JPA repository interfaces.
2023-11-17 09:35:39.668  INFO 11864 --- [main] o.s.b.w.embedded.tomcat.TomcatWebServer  : Tomcat initialized with port(s): 8080 (http)
2023-11-17 09:35:39.692  INFO 11864 --- [main] o.apache.catalina.core.StandardService   : Starting service [Tomcat]
2023-11-17 09:35:39.693  INFO 11864 --- [main] org.apache.catalina.core.StandardEngine  : Starting Servlet engine: [Apache Tomcat/9.0.82]
2023-11-17 09:35:40.103  INFO 11864 --- [main] o.a.c.c.C.[Tomcat].[localhost].[/]       : Initializing Spring embedded WebApplicationContext
2023-11-17 09:35:40.104  INFO 11864 --- [main] w.s.c.ServletWebServerApplicationContext : Root WebApplicationContext: initialization completed in 4715 ms
2023-11-17 09:35:40.594  INFO 11864 --- [main] o.hibernate.jpa.internal.util.LogHelper  : HHH000204: Processing PersistenceUnitInfo [name: default]
2023-11-17 09:35:40.755  INFO 11864 --- [main] org.hibernate.Version                    : HHH000412: Hibernate ORM core version 5.6.15.Final
2023-11-17 09:35:41.177  INFO 11864 --- [main] o.hibernate.annotations.common.Version   : HCANN000001: Hibernate Commons Annotations {5.1.2.Final}
2023-11-17 09:35:41.379  INFO 11864 --- [main] com.zaxxer.hikari.HikariDataSource       : HikariPool-1 - Starting...
2023-11-17 09:35:41.397  WARN 11864 --- [main] com.zaxxer.hikari.util.DriverDataSource  : Registered driver with driverClassName=com.mysql.jdbc.Driver was not found, trying direct instantiation.
2023-11-17 09:35:41.747  INFO 11864 --- [main] com.zaxxer.hikari.HikariDataSource       : HikariPool-1 - Start completed.
2023-11-17 09:35:41.772  INFO 11864 --- [main] org.hibernate.dialect.Dialect            : HHH000400: Using dialect: org.hibernate.dialect.MySQL8Dialect
2023-11-17 09:35:43.215  INFO 11864 --- [main] o.h.e.t.j.p.i.JtaPlatformInitiator       : HHH000490: Using JtaPlatform implementation: [org.hibernate.engine.transaction.jta.platform.internal.NoJtaPlatform]
2023-11-17 09:35:43.236  INFO 11864 --- [main] j.LocalContainerEntityManagerFactoryBean : Initialized JPA EntityManagerFactory for persistence unit 'default'
2023-11-17 09:35:43.299  WARN 11864 --- [main] JpaBaseConfiguration$JpaWebConfiguration : spring.jpa.open-in-view is enabled by default. Therefore, database queries may be performed during view rendering. Explicitly configure spring.jpa.open-in-view to disable this warning
2023-11-17 09:35:45.688 TRACE 11864 --- [main] eGlobalAuthenticationAutowiredConfigurer : Eagerly initializing {securityConfig=com.restapi.config.SecurityConfig$$EnhancerBySpringCGLIB$$80b708a2@59d29065}
2023-11-17 09:35:45.995 DEBUG 11864 --- [main] edFilterInvocationSecurityMetadataSource : Adding web access control expression [permitAll] for Ant [pattern='/h2-console/**']
2023-11-17 09:35:46.025 DEBUG 11864 --- [main] edFilterInvocationSecurityMetadataSource : Adding web access control expression [permitAll] for Ant [pattern='/api/auth/**']
2023-11-17 09:35:46.025 DEBUG 11864 --- [main] edFilterInvocationSecurityMetadataSource : Adding web access control expression [permitAll] for Ant [pattern='/swagger-ui/**']
2023-11-17 09:35:46.026 DEBUG 11864 --- [main] edFilterInvocationSecurityMetadataSource : Adding web access control expression [authenticated] for any request
2023-11-17 09:35:46.033 TRACE 11864 --- [main] o.s.s.w.a.i.FilterSecurityInterceptor    : Validated configuration attributes
2023-11-17 09:35:46.035 TRACE 11864 --- [main] o.s.s.w.a.i.FilterSecurityInterceptor    : Validated configuration attributes
2023-11-17 09:35:46.041  INFO 11864 --- [main] o.s.s.web.DefaultSecurityFilterChain     : Will secure any request with [org.springframework.security.web.session.DisableEncodeUrlFilter@69860811, org.springframework.security.web.context.request.async.WebAsyncManagerIntegrationFilter@3ad80206, org.springframework.security.web.context.SecurityContextPersistenceFilter@4ed492df, org.springframework.security.web.header.HeaderWriterFilter@7f82a71f, org.springframework.security.web.authentication.logout.LogoutFilter@4a985388, org.springframework.security.web.authentication.www.BasicAuthenticationFilter@301c622d, org.springframework.security.web.savedrequest.RequestCacheAwareFilter@259ae1a9, org.springframework.security.web.servletapi.SecurityContextHolderAwareRequestFilter@d082916, org.springframework.security.web.authentication.AnonymousAuthenticationFilter@2b4675db, org.springframework.security.web.session.SessionManagementFilter@3f7d73e3, org.springframework.security.web.access.ExceptionTranslationFilter@3984e2b3, org.springframework.security.web.access.intercept.FilterSecurityInterceptor@7c0ecdbf]
2023-11-17 09:35:46.823  INFO 11864 --- [main] o.s.b.w.embedded.tomcat.TomcatWebServer  : Tomcat started on port(s): 8080 (http) with context path ''
2023-11-17 09:35:47.821  INFO 11864 --- [main] c.r.SpringBootRestApiStarterApplication  : Started SpringBootRestApiStarterApplication in 14.085 seconds (JVM running for 15.415)
2023-11-17 09:36:11.416  INFO 11864 --- [http-nio-8080-exec-4] o.a.c.c.C.[Tomcat].[localhost].[/]       : Initializing Spring DispatcherServlet 'dispatcherServlet'
2023-11-17 09:36:11.416  INFO 11864 --- [http-nio-8080-exec-4] o.s.web.servlet.DispatcherServlet        : Initializing Servlet 'dispatcherServlet'
2023-11-17 09:36:11.424  INFO 11864 --- [http-nio-8080-exec-4] o.s.web.servlet.DispatcherServlet        : Completed initialization in 8 ms
2023-11-17 09:36:11.449 TRACE 11864 --- [http-nio-8080-exec-4] o.s.security.web.FilterChainProxy        : Trying to match request against DefaultSecurityFilterChain [RequestMatcher=any request, Filters=[org.springframework.security.web.session.DisableEncodeUrlFilter@69860811, org.springframework.security.web.context.request.async.WebAsyncManagerIntegrationFilter@3ad80206, org.springframework.security.web.context.SecurityContextPersistenceFilter@4ed492df, org.springframework.security.web.header.HeaderWriterFilter@7f82a71f, org.springframework.security.web.authentication.logout.LogoutFilter@4a985388, org.springframework.security.web.authentication.www.BasicAuthenticationFilter@301c622d, org.springframework.security.web.savedrequest.RequestCacheAwareFilter@259ae1a9, org.springframework.security.web.servletapi.SecurityContextHolderAwareRequestFilter@d082916, org.springframework.security.web.authentication.AnonymousAuthenticationFilter@2b4675db, org.springframework.security.web.session.SessionManagementFilter@3f7d73e3, org.springframework.security.web.access.ExceptionTranslationFilter@3984e2b3, org.springframework.security.web.access.intercept.FilterSecurityInterceptor@7c0ecdbf]] (1/1)
2023-11-17 09:36:11.449 DEBUG 11864 --- [http-nio-8080-exec-4] o.s.security.web.FilterChainProxy        : Securing GET /api/admin/dish/all
2023-11-17 09:36:11.449 TRACE 11864 --- [http-nio-8080-exec-4] o.s.security.web.FilterChainProxy        : Invoking DisableEncodeUrlFilter (1/12)
2023-11-17 09:36:11.449 TRACE 11864 --- [http-nio-8080-exec-4] o.s.security.web.FilterChainProxy        : Invoking WebAsyncManagerIntegrationFilter (2/12)
2023-11-17 09:36:11.457 TRACE 11864 --- [http-nio-8080-exec-4] o.s.security.web.FilterChainProxy        : Invoking SecurityContextPersistenceFilter (3/12)
2023-11-17 09:36:11.457 DEBUG 11864 --- [http-nio-8080-exec-4] s.s.w.c.SecurityContextPersistenceFilter : Set SecurityContextHolder to empty SecurityContext
2023-11-17 09:36:11.457 TRACE 11864 --- [http-nio-8080-exec-4] o.s.security.web.FilterChainProxy        : Invoking HeaderWriterFilter (4/12)
2023-11-17 09:36:11.465 TRACE 11864 --- [http-nio-8080-exec-4] o.s.security.web.FilterChainProxy        : Invoking LogoutFilter (5/12)
2023-11-17 09:36:11.465 TRACE 11864 --- [http-nio-8080-exec-4] o.s.s.w.a.logout.LogoutFilter            : Did not match request to Or [Ant [pattern='/logout', GET], Ant [pattern='/logout', POST], Ant [pattern='/logout', PUT], Ant [pattern='/logout', DELETE]]
2023-11-17 09:36:11.465 TRACE 11864 --- [http-nio-8080-exec-4] o.s.security.web.FilterChainProxy        : Invoking BasicAuthenticationFilter (6/12)
2023-11-17 09:36:11.465 TRACE 11864 --- [http-nio-8080-exec-4] o.s.s.w.a.www.BasicAuthenticationFilter  : Found username 'admin' in Basic Authorization header
2023-11-17 09:36:11.465 TRACE 11864 --- [http-nio-8080-exec-4] o.s.s.authentication.ProviderManager     : Authenticating request with DaoAuthenticationProvider (1/1)
2023-11-17 09:36:12.003 DEBUG 11864 --- [http-nio-8080-exec-4] o.s.s.a.dao.DaoAuthenticationProvider    : Authenticated user
2023-11-17 09:36:12.004 DEBUG 11864 --- [http-nio-8080-exec-4] o.s.s.w.a.www.BasicAuthenticationFilter  : Set SecurityContextHolder to UsernamePasswordAuthenticationToken [Principal=org.springframework.security.core.userdetails.User [Username=admin, Password=[PROTECTED], Enabled=true, AccountNonExpired=true, credentialsNonExpired=true, AccountNonLocked=true, Granted Authorities=[ROLE_ADMIN]], Credentials=[PROTECTED], Authenticated=true, Details=WebAuthenticationDetails [RemoteIpAddress=0:0:0:0:0:0:0:1, SessionId=null], Granted Authorities=[ROLE_ADMIN]]
2023-11-17 09:36:12.004 TRACE 11864 --- [http-nio-8080-exec-4] o.s.security.web.FilterChainProxy        : Invoking RequestCacheAwareFilter (7/12)
2023-11-17 09:36:12.006 TRACE 11864 --- [http-nio-8080-exec-4] o.s.security.web.FilterChainProxy        : Invoking SecurityContextHolderAwareRequestFilter (8/12)
2023-11-17 09:36:12.009 TRACE 11864 --- [http-nio-8080-exec-4] o.s.security.web.FilterChainProxy        : Invoking AnonymousAuthenticationFilter (9/12)
2023-11-17 09:36:12.010 TRACE 11864 --- [http-nio-8080-exec-4] o.s.s.w.a.AnonymousAuthenticationFilter  : Did not set SecurityContextHolder since already authenticated UsernamePasswordAuthenticationToken [Principal=org.springframework.security.core.userdetails.User [Username=admin, Password=[PROTECTED], Enabled=true, AccountNonExpired=true, credentialsNonExpired=true, AccountNonLocked=true, Granted Authorities=[ROLE_ADMIN]], Credentials=[PROTECTED], Authenticated=true, Details=WebAuthenticationDetails [RemoteIpAddress=0:0:0:0:0:0:0:1, SessionId=null], Granted Authorities=[ROLE_ADMIN]]
2023-11-17 09:36:12.010 TRACE 11864 --- [http-nio-8080-exec-4] o.s.security.web.FilterChainProxy        : Invoking SessionManagementFilter (10/12)
2023-11-17 09:36:12.010 TRACE 11864 --- [http-nio-8080-exec-4] s.CompositeSessionAuthenticationStrategy : Preparing session with ChangeSessionIdAuthenticationStrategy (1/1)
2023-11-17 09:36:12.010 TRACE 11864 --- [http-nio-8080-exec-4] o.s.security.web.FilterChainProxy        : Invoking ExceptionTranslationFilter (11/12)
2023-11-17 09:36:12.010 TRACE 11864 --- [http-nio-8080-exec-4] o.s.security.web.FilterChainProxy        : Invoking FilterSecurityInterceptor (12/12)
2023-11-17 09:36:12.015 TRACE 11864 --- [http-nio-8080-exec-4] edFilterInvocationSecurityMetadataSource : Did not match request to Ant [pattern='/h2-console/**'] - [permitAll] (1/4)
2023-11-17 09:36:12.016 TRACE 11864 --- [http-nio-8080-exec-4] edFilterInvocationSecurityMetadataSource : Did not match request to Ant [pattern='/api/auth/**'] - [permitAll] (2/4)
2023-11-17 09:36:12.016 TRACE 11864 --- [http-nio-8080-exec-4] edFilterInvocationSecurityMetadataSource : Did not match request to Ant [pattern='/swagger-ui/**'] - [permitAll] (3/4)
2023-11-17 09:36:12.017 TRACE 11864 --- [http-nio-8080-exec-4] o.s.s.w.a.i.FilterSecurityInterceptor    : Did not re-authenticate UsernamePasswordAuthenticationToken [Principal=org.springframework.security.core.userdetails.User [Username=admin, Password=[PROTECTED], Enabled=true, AccountNonExpired=true, credentialsNonExpired=true, AccountNonLocked=true, Granted Authorities=[ROLE_ADMIN]], Credentials=[PROTECTED], Authenticated=true, Details=WebAuthenticationDetails [RemoteIpAddress=0:0:0:0:0:0:0:1, SessionId=null], Granted Authorities=[ROLE_ADMIN]] before authorizing
2023-11-17 09:36:12.018 TRACE 11864 --- [http-nio-8080-exec-4] o.s.s.w.a.i.FilterSecurityInterceptor    : Authorizing filter invocation [GET /api/admin/dish/all] with attributes [authenticated]
2023-11-17 09:36:12.031 DEBUG 11864 --- [http-nio-8080-exec-4] o.s.s.w.a.i.FilterSecurityInterceptor    : Authorized filter invocation [GET /api/admin/dish/all] with attributes [authenticated]
2023-11-17 09:36:12.032 TRACE 11864 --- [http-nio-8080-exec-4] o.s.s.w.a.i.FilterSecurityInterceptor    : Did not switch RunAs authentication since RunAsManager returned null
2023-11-17 09:36:12.032 DEBUG 11864 --- [http-nio-8080-exec-4] o.s.security.web.FilterChainProxy        : Secured GET /api/admin/dish/all
2023-11-17 09:36:12.266 TRACE 11864 --- [http-nio-8080-exec-4] o.s.s.w.header.writers.HstsHeaderWriter  : Not injecting HSTS header since it did not match request to [Is Secure]
2023-11-17 09:36:12.342 DEBUG 11864 --- [http-nio-8080-exec-4] s.s.w.c.SecurityContextPersistenceFilter : Cleared SecurityContextHolder to complete request
2023-11-17 09:38:09.843  INFO 11864 --- [SpringApplicationShutdownHook] j.LocalContainerEntityManagerFactoryBean : Closing JPA EntityManagerFactory for persistence unit 'default'
2023-11-17 09:38:09.845  INFO 11864 --- [SpringApplicationShutdownHook] com.zaxxer.hikari.HikariDataSource       : HikariPool-1 - Shutdown initiated...
2023-11-17 09:38:09.859  INFO 11864 --- [SpringApplicationShutdownHook] com.zaxxer.hikari.HikariDataSource       : HikariPool-1 - Shutdown completed.
2023-11-17 09:38:13.739  INFO 4244 --- [main] c.r.SpringBootRestApiStarterApplication  : Starting SpringBootRestApiStarterApplication using Java 17.0.8 on KS20L480 with PID 4244 (C:\Users\kumaran\Documents\Projects\SpringBoot Restaurant Ordering System\target\classes started by kumaran in C:\Users\kumaran\Documents\Projects\SpringBoot Restaurant Ordering System)
2023-11-17 09:38:13.744  INFO 4244 --- [main] c.r.SpringBootRestApiStarterApplication  : No active profile set, falling back to 1 default profile: "default"
2023-11-17 09:38:15.052  INFO 4244 --- [main] .s.d.r.c.RepositoryConfigurationDelegate : Bootstrapping Spring Data JPA repositories in DEFAULT mode.
2023-11-17 09:38:15.187  INFO 4244 --- [main] .s.d.r.c.RepositoryConfigurationDelegate : Finished Spring Data repository scanning in 121 ms. Found 8 JPA repository interfaces.
2023-11-17 09:38:16.106  INFO 4244 --- [main] o.s.b.w.embedded.tomcat.TomcatWebServer  : Tomcat initialized with port(s): 8080 (http)
2023-11-17 09:38:16.120  INFO 4244 --- [main] o.apache.catalina.core.StandardService   : Starting service [Tomcat]
2023-11-17 09:38:16.120  INFO 4244 --- [main] org.apache.catalina.core.StandardEngine  : Starting Servlet engine: [Apache Tomcat/9.0.82]
2023-11-17 09:38:16.304  INFO 4244 --- [main] o.a.c.c.C.[Tomcat].[localhost].[/]       : Initializing Spring embedded WebApplicationContext
2023-11-17 09:38:16.305  INFO 4244 --- [main] w.s.c.ServletWebServerApplicationContext : Root WebApplicationContext: initialization completed in 2481 ms
2023-11-17 09:38:16.515  INFO 4244 --- [main] o.hibernate.jpa.internal.util.LogHelper  : HHH000204: Processing PersistenceUnitInfo [name: default]
2023-11-17 09:38:16.581  INFO 4244 --- [main] org.hibernate.Version                    : HHH000412: Hibernate ORM core version 5.6.15.Final
2023-11-17 09:38:16.817  INFO 4244 --- [main] o.hibernate.annotations.common.Version   : HCANN000001: Hibernate Commons Annotations {5.1.2.Final}
2023-11-17 09:38:16.952  INFO 4244 --- [main] com.zaxxer.hikari.HikariDataSource       : HikariPool-1 - Starting...
2023-11-17 09:38:16.959  WARN 4244 --- [main] com.zaxxer.hikari.util.DriverDataSource  : Registered driver with driverClassName=com.mysql.jdbc.Driver was not found, trying direct instantiation.
2023-11-17 09:38:17.184  INFO 4244 --- [main] com.zaxxer.hikari.HikariDataSource       : HikariPool-1 - Start completed.
2023-11-17 09:38:17.208  INFO 4244 --- [main] org.hibernate.dialect.Dialect            : HHH000400: Using dialect: org.hibernate.dialect.MySQL8Dialect
2023-11-17 09:38:18.401  INFO 4244 --- [main] o.h.e.t.j.p.i.JtaPlatformInitiator       : HHH000490: Using JtaPlatform implementation: [org.hibernate.engine.transaction.jta.platform.internal.NoJtaPlatform]
2023-11-17 09:38:18.413  INFO 4244 --- [main] j.LocalContainerEntityManagerFactoryBean : Initialized JPA EntityManagerFactory for persistence unit 'default'
2023-11-17 09:38:18.453  WARN 4244 --- [main] JpaBaseConfiguration$JpaWebConfiguration : spring.jpa.open-in-view is enabled by default. Therefore, database queries may be performed during view rendering. Explicitly configure spring.jpa.open-in-view to disable this warning
2023-11-17 09:38:20.056 TRACE 4244 --- [main] eGlobalAuthenticationAutowiredConfigurer : Eagerly initializing {securityConfig=com.restapi.config.SecurityConfig$$EnhancerBySpringCGLIB$$4903a856@411ae0d7}
2023-11-17 09:38:20.184 DEBUG 4244 --- [main] edFilterInvocationSecurityMetadataSource : Adding web access control expression [permitAll] for Ant [pattern='/h2-console/**']
2023-11-17 09:38:20.208 DEBUG 4244 --- [main] edFilterInvocationSecurityMetadataSource : Adding web access control expression [permitAll] for Ant [pattern='/api/auth/**']
2023-11-17 09:38:20.209 DEBUG 4244 --- [main] edFilterInvocationSecurityMetadataSource : Adding web access control expression [permitAll] for Ant [pattern='/swagger-ui/**']
2023-11-17 09:38:20.209 DEBUG 4244 --- [main] edFilterInvocationSecurityMetadataSource : Adding web access control expression [authenticated] for any request
2023-11-17 09:38:20.215 TRACE 4244 --- [main] o.s.s.w.a.i.FilterSecurityInterceptor    : Validated configuration attributes
2023-11-17 09:38:20.217 TRACE 4244 --- [main] o.s.s.w.a.i.FilterSecurityInterceptor    : Validated configuration attributes
2023-11-17 09:38:20.226  INFO 4244 --- [main] o.s.s.web.DefaultSecurityFilterChain     : Will secure any request with [org.springframework.security.web.session.DisableEncodeUrlFilter@3c3a767, org.springframework.security.web.context.request.async.WebAsyncManagerIntegrationFilter@698394bf, org.springframework.security.web.context.SecurityContextPersistenceFilter@4a2f1ae3, org.springframework.security.web.header.HeaderWriterFilter@7a90f33d, org.springframework.security.web.authentication.logout.LogoutFilter@6109366a, org.springframework.security.web.authentication.www.BasicAuthenticationFilter@54a7d1b9, org.springframework.security.web.savedrequest.RequestCacheAwareFilter@6a887649, org.springframework.security.web.servletapi.SecurityContextHolderAwareRequestFilter@15e748b5, org.springframework.security.web.authentication.AnonymousAuthenticationFilter@31887330, org.springframework.security.web.session.SessionManagementFilter@1ac30be4, org.springframework.security.web.access.ExceptionTranslationFilter@597eb9ac, org.springframework.security.web.access.intercept.FilterSecurityInterceptor@72ae1007]
2023-11-17 09:38:20.591  INFO 4244 --- [main] o.s.b.w.embedded.tomcat.TomcatWebServer  : Tomcat started on port(s): 8080 (http) with context path ''
2023-11-17 09:38:21.133  INFO 4244 --- [main] c.r.SpringBootRestApiStarterApplication  : Started SpringBootRestApiStarterApplication in 8.03 seconds (JVM running for 8.63)
2023-11-17 09:38:27.188  INFO 4244 --- [http-nio-8080-exec-1] o.a.c.c.C.[Tomcat].[localhost].[/]       : Initializing Spring DispatcherServlet 'dispatcherServlet'
2023-11-17 09:38:27.188  INFO 4244 --- [http-nio-8080-exec-1] o.s.web.servlet.DispatcherServlet        : Initializing Servlet 'dispatcherServlet'
2023-11-17 09:38:27.191  INFO 4244 --- [http-nio-8080-exec-1] o.s.web.servlet.DispatcherServlet        : Completed initialization in 3 ms
2023-11-17 09:38:27.210 TRACE 4244 --- [http-nio-8080-exec-1] o.s.security.web.FilterChainProxy        : Trying to match request against DefaultSecurityFilterChain [RequestMatcher=any request, Filters=[org.springframework.security.web.session.DisableEncodeUrlFilter@3c3a767, org.springframework.security.web.context.request.async.WebAsyncManagerIntegrationFilter@698394bf, org.springframework.security.web.context.SecurityContextPersistenceFilter@4a2f1ae3, org.springframework.security.web.header.HeaderWriterFilter@7a90f33d, org.springframework.security.web.authentication.logout.LogoutFilter@6109366a, org.springframework.security.web.authentication.www.BasicAuthenticationFilter@54a7d1b9, org.springframework.security.web.savedrequest.RequestCacheAwareFilter@6a887649, org.springframework.security.web.servletapi.SecurityContextHolderAwareRequestFilter@15e748b5, org.springframework.security.web.authentication.AnonymousAuthenticationFilter@31887330, org.springframework.security.web.session.SessionManagementFilter@1ac30be4, org.springframework.security.web.access.ExceptionTranslationFilter@597eb9ac, org.springframework.security.web.access.intercept.FilterSecurityInterceptor@72ae1007]] (1/1)
2023-11-17 09:38:27.210 DEBUG 4244 --- [http-nio-8080-exec-1] o.s.security.web.FilterChainProxy        : Securing GET /api/admin/dish/all
2023-11-17 09:38:27.210 TRACE 4244 --- [http-nio-8080-exec-1] o.s.security.web.FilterChainProxy        : Invoking DisableEncodeUrlFilter (1/12)
2023-11-17 09:38:27.212 TRACE 4244 --- [http-nio-8080-exec-1] o.s.security.web.FilterChainProxy        : Invoking WebAsyncManagerIntegrationFilter (2/12)
2023-11-17 09:38:27.224 TRACE 4244 --- [http-nio-8080-exec-1] o.s.security.web.FilterChainProxy        : Invoking SecurityContextPersistenceFilter (3/12)
2023-11-17 09:38:27.226 DEBUG 4244 --- [http-nio-8080-exec-1] s.s.w.c.SecurityContextPersistenceFilter : Set SecurityContextHolder to empty SecurityContext
2023-11-17 09:38:27.226 TRACE 4244 --- [http-nio-8080-exec-1] o.s.security.web.FilterChainProxy        : Invoking HeaderWriterFilter (4/12)
2023-11-17 09:38:27.228 TRACE 4244 --- [http-nio-8080-exec-1] o.s.security.web.FilterChainProxy        : Invoking LogoutFilter (5/12)
2023-11-17 09:38:27.229 TRACE 4244 --- [http-nio-8080-exec-1] o.s.s.w.a.logout.LogoutFilter            : Did not match request to Or [Ant [pattern='/logout', GET], Ant [pattern='/logout', POST], Ant [pattern='/logout', PUT], Ant [pattern='/logout', DELETE]]
2023-11-17 09:38:27.229 TRACE 4244 --- [http-nio-8080-exec-1] o.s.security.web.FilterChainProxy        : Invoking BasicAuthenticationFilter (6/12)
2023-11-17 09:38:27.233 TRACE 4244 --- [http-nio-8080-exec-1] o.s.s.w.a.www.BasicAuthenticationFilter  : Found username 'admin' in Basic Authorization header
2023-11-17 09:38:27.234 TRACE 4244 --- [http-nio-8080-exec-1] o.s.s.authentication.ProviderManager     : Authenticating request with DaoAuthenticationProvider (1/1)
2023-11-17 09:38:27.511 DEBUG 4244 --- [http-nio-8080-exec-1] o.s.s.a.dao.DaoAuthenticationProvider    : Authenticated user
2023-11-17 09:38:27.512 DEBUG 4244 --- [http-nio-8080-exec-1] o.s.s.w.a.www.BasicAuthenticationFilter  : Set SecurityContextHolder to UsernamePasswordAuthenticationToken [Principal=org.springframework.security.core.userdetails.User [Username=admin, Password=[PROTECTED], Enabled=true, AccountNonExpired=true, credentialsNonExpired=true, AccountNonLocked=true, Granted Authorities=[ROLE_ADMIN]], Credentials=[PROTECTED], Authenticated=true, Details=WebAuthenticationDetails [RemoteIpAddress=0:0:0:0:0:0:0:1, SessionId=null], Granted Authorities=[ROLE_ADMIN]]
2023-11-17 09:38:27.513 TRACE 4244 --- [http-nio-8080-exec-1] o.s.security.web.FilterChainProxy        : Invoking RequestCacheAwareFilter (7/12)
2023-11-17 09:38:27.513 TRACE 4244 --- [http-nio-8080-exec-1] o.s.security.web.FilterChainProxy        : Invoking SecurityContextHolderAwareRequestFilter (8/12)
2023-11-17 09:38:27.515 TRACE 4244 --- [http-nio-8080-exec-1] o.s.security.web.FilterChainProxy        : Invoking AnonymousAuthenticationFilter (9/12)
2023-11-17 09:38:27.516 TRACE 4244 --- [http-nio-8080-exec-1] o.s.s.w.a.AnonymousAuthenticationFilter  : Did not set SecurityContextHolder since already authenticated UsernamePasswordAuthenticationToken [Principal=org.springframework.security.core.userdetails.User [Username=admin, Password=[PROTECTED], Enabled=true, AccountNonExpired=true, credentialsNonExpired=true, AccountNonLocked=true, Granted Authorities=[ROLE_ADMIN]], Credentials=[PROTECTED], Authenticated=true, Details=WebAuthenticationDetails [RemoteIpAddress=0:0:0:0:0:0:0:1, SessionId=null], Granted Authorities=[ROLE_ADMIN]]
2023-11-17 09:38:27.517 TRACE 4244 --- [http-nio-8080-exec-1] o.s.security.web.FilterChainProxy        : Invoking SessionManagementFilter (10/12)
2023-11-17 09:38:27.517 TRACE 4244 --- [http-nio-8080-exec-1] s.CompositeSessionAuthenticationStrategy : Preparing session with ChangeSessionIdAuthenticationStrategy (1/1)
2023-11-17 09:38:27.517 TRACE 4244 --- [http-nio-8080-exec-1] o.s.security.web.FilterChainProxy        : Invoking ExceptionTranslationFilter (11/12)
2023-11-17 09:38:27.517 TRACE 4244 --- [http-nio-8080-exec-1] o.s.security.web.FilterChainProxy        : Invoking FilterSecurityInterceptor (12/12)
2023-11-17 09:38:27.518 TRACE 4244 --- [http-nio-8080-exec-1] edFilterInvocationSecurityMetadataSource : Did not match request to Ant [pattern='/h2-console/**'] - [permitAll] (1/4)
2023-11-17 09:38:27.518 TRACE 4244 --- [http-nio-8080-exec-1] edFilterInvocationSecurityMetadataSource : Did not match request to Ant [pattern='/api/auth/**'] - [permitAll] (2/4)
2023-11-17 09:38:27.519 TRACE 4244 --- [http-nio-8080-exec-1] edFilterInvocationSecurityMetadataSource : Did not match request to Ant [pattern='/swagger-ui/**'] - [permitAll] (3/4)
2023-11-17 09:38:27.519 TRACE 4244 --- [http-nio-8080-exec-1] o.s.s.w.a.i.FilterSecurityInterceptor    : Did not re-authenticate UsernamePasswordAuthenticationToken [Principal=org.springframework.security.core.userdetails.User [Username=admin, Password=[PROTECTED], Enabled=true, AccountNonExpired=true, credentialsNonExpired=true, AccountNonLocked=true, Granted Authorities=[ROLE_ADMIN]], Credentials=[PROTECTED], Authenticated=true, Details=WebAuthenticationDetails [RemoteIpAddress=0:0:0:0:0:0:0:1, SessionId=null], Granted Authorities=[ROLE_ADMIN]] before authorizing
2023-11-17 09:38:27.519 TRACE 4244 --- [http-nio-8080-exec-1] o.s.s.w.a.i.FilterSecurityInterceptor    : Authorizing filter invocation [GET /api/admin/dish/all] with attributes [authenticated]
2023-11-17 09:38:27.530 DEBUG 4244 --- [http-nio-8080-exec-1] o.s.s.w.a.i.FilterSecurityInterceptor    : Authorized filter invocation [GET /api/admin/dish/all] with attributes [authenticated]
2023-11-17 09:38:27.530 TRACE 4244 --- [http-nio-8080-exec-1] o.s.s.w.a.i.FilterSecurityInterceptor    : Did not switch RunAs authentication since RunAsManager returned null
2023-11-17 09:38:27.532 DEBUG 4244 --- [http-nio-8080-exec-1] o.s.security.web.FilterChainProxy        : Secured GET /api/admin/dish/all
2023-11-17 09:38:27.691 TRACE 4244 --- [http-nio-8080-exec-1] o.s.s.w.header.writers.HstsHeaderWriter  : Not injecting HSTS header since it did not match request to [Is Secure]
2023-11-17 09:38:27.742 DEBUG 4244 --- [http-nio-8080-exec-1] s.s.w.c.SecurityContextPersistenceFilter : Cleared SecurityContextHolder to complete request
2023-11-17 09:43:05.680 TRACE 4244 --- [http-nio-8080-exec-5] o.s.security.web.FilterChainProxy        : Trying to match request against DefaultSecurityFilterChain [RequestMatcher=any request, Filters=[org.springframework.security.web.session.DisableEncodeUrlFilter@3c3a767, org.springframework.security.web.context.request.async.WebAsyncManagerIntegrationFilter@698394bf, org.springframework.security.web.context.SecurityContextPersistenceFilter@4a2f1ae3, org.springframework.security.web.header.HeaderWriterFilter@7a90f33d, org.springframework.security.web.authentication.logout.LogoutFilter@6109366a, org.springframework.security.web.authentication.www.BasicAuthenticationFilter@54a7d1b9, org.springframework.security.web.savedrequest.RequestCacheAwareFilter@6a887649, org.springframework.security.web.servletapi.SecurityContextHolderAwareRequestFilter@15e748b5, org.springframework.security.web.authentication.AnonymousAuthenticationFilter@31887330, org.springframework.security.web.session.SessionManagementFilter@1ac30be4, org.springframework.security.web.access.ExceptionTranslationFilter@597eb9ac, org.springframework.security.web.access.intercept.FilterSecurityInterceptor@72ae1007]] (1/1)
2023-11-17 09:43:05.682 DEBUG 4244 --- [http-nio-8080-exec-5] o.s.security.web.FilterChainProxy        : Securing POST /api/admin/dish/create
2023-11-17 09:43:05.682 TRACE 4244 --- [http-nio-8080-exec-5] o.s.security.web.FilterChainProxy        : Invoking DisableEncodeUrlFilter (1/12)
2023-11-17 09:43:05.682 TRACE 4244 --- [http-nio-8080-exec-5] o.s.security.web.FilterChainProxy        : Invoking WebAsyncManagerIntegrationFilter (2/12)
2023-11-17 09:43:05.682 TRACE 4244 --- [http-nio-8080-exec-5] o.s.security.web.FilterChainProxy        : Invoking SecurityContextPersistenceFilter (3/12)
2023-11-17 09:43:05.682 DEBUG 4244 --- [http-nio-8080-exec-5] s.s.w.c.SecurityContextPersistenceFilter : Set SecurityContextHolder to empty SecurityContext
2023-11-17 09:43:05.682 TRACE 4244 --- [http-nio-8080-exec-5] o.s.security.web.FilterChainProxy        : Invoking HeaderWriterFilter (4/12)
2023-11-17 09:43:05.682 TRACE 4244 --- [http-nio-8080-exec-5] o.s.security.web.FilterChainProxy        : Invoking LogoutFilter (5/12)
2023-11-17 09:43:05.685 TRACE 4244 --- [http-nio-8080-exec-5] o.s.s.w.a.logout.LogoutFilter            : Did not match request to Or [Ant [pattern='/logout', GET], Ant [pattern='/logout', POST], Ant [pattern='/logout', PUT], Ant [pattern='/logout', DELETE]]
2023-11-17 09:43:05.685 TRACE 4244 --- [http-nio-8080-exec-5] o.s.security.web.FilterChainProxy        : Invoking BasicAuthenticationFilter (6/12)
2023-11-17 09:43:05.685 TRACE 4244 --- [http-nio-8080-exec-5] o.s.s.w.a.www.BasicAuthenticationFilter  : Found username 'admin' in Basic Authorization header
2023-11-17 09:43:05.685 TRACE 4244 --- [http-nio-8080-exec-5] o.s.s.authentication.ProviderManager     : Authenticating request with DaoAuthenticationProvider (1/1)
2023-11-17 09:43:05.909 DEBUG 4244 --- [http-nio-8080-exec-5] o.s.s.a.dao.DaoAuthenticationProvider    : Authenticated user
2023-11-17 09:43:05.909 DEBUG 4244 --- [http-nio-8080-exec-5] o.s.s.w.a.www.BasicAuthenticationFilter  : Set SecurityContextHolder to UsernamePasswordAuthenticationToken [Principal=org.springframework.security.core.userdetails.User [Username=admin, Password=[PROTECTED], Enabled=true, AccountNonExpired=true, credentialsNonExpired=true, AccountNonLocked=true, Granted Authorities=[ROLE_ADMIN]], Credentials=[PROTECTED], Authenticated=true, Details=WebAuthenticationDetails [RemoteIpAddress=0:0:0:0:0:0:0:1, SessionId=null], Granted Authorities=[ROLE_ADMIN]]
2023-11-17 09:43:05.909 TRACE 4244 --- [http-nio-8080-exec-5] o.s.security.web.FilterChainProxy        : Invoking RequestCacheAwareFilter (7/12)
2023-11-17 09:43:05.909 TRACE 4244 --- [http-nio-8080-exec-5] o.s.security.web.FilterChainProxy        : Invoking SecurityContextHolderAwareRequestFilter (8/12)
2023-11-17 09:43:05.909 TRACE 4244 --- [http-nio-8080-exec-5] o.s.security.web.FilterChainProxy        : Invoking AnonymousAuthenticationFilter (9/12)
2023-11-17 09:43:05.909 TRACE 4244 --- [http-nio-8080-exec-5] o.s.s.w.a.AnonymousAuthenticationFilter  : Did not set SecurityContextHolder since already authenticated UsernamePasswordAuthenticationToken [Principal=org.springframework.security.core.userdetails.User [Username=admin, Password=[PROTECTED], Enabled=true, AccountNonExpired=true, credentialsNonExpired=true, AccountNonLocked=true, Granted Authorities=[ROLE_ADMIN]], Credentials=[PROTECTED], Authenticated=true, Details=WebAuthenticationDetails [RemoteIpAddress=0:0:0:0:0:0:0:1, SessionId=null], Granted Authorities=[ROLE_ADMIN]]
2023-11-17 09:43:05.913 TRACE 4244 --- [http-nio-8080-exec-5] o.s.security.web.FilterChainProxy        : Invoking SessionManagementFilter (10/12)
2023-11-17 09:43:05.913 TRACE 4244 --- [http-nio-8080-exec-5] s.CompositeSessionAuthenticationStrategy : Preparing session with ChangeSessionIdAuthenticationStrategy (1/1)
2023-11-17 09:43:05.913 TRACE 4244 --- [http-nio-8080-exec-5] o.s.security.web.FilterChainProxy        : Invoking ExceptionTranslationFilter (11/12)
2023-11-17 09:43:05.913 TRACE 4244 --- [http-nio-8080-exec-5] o.s.security.web.FilterChainProxy        : Invoking FilterSecurityInterceptor (12/12)
2023-11-17 09:43:05.913 TRACE 4244 --- [http-nio-8080-exec-5] edFilterInvocationSecurityMetadataSource : Did not match request to Ant [pattern='/h2-console/**'] - [permitAll] (1/4)
2023-11-17 09:43:05.913 TRACE 4244 --- [http-nio-8080-exec-5] edFilterInvocationSecurityMetadataSource : Did not match request to Ant [pattern='/api/auth/**'] - [permitAll] (2/4)
2023-11-17 09:43:05.913 TRACE 4244 --- [http-nio-8080-exec-5] edFilterInvocationSecurityMetadataSource : Did not match request to Ant [pattern='/swagger-ui/**'] - [permitAll] (3/4)
2023-11-17 09:43:05.913 TRACE 4244 --- [http-nio-8080-exec-5] o.s.s.w.a.i.FilterSecurityInterceptor    : Did not re-authenticate UsernamePasswordAuthenticationToken [Principal=org.springframework.security.core.userdetails.User [Username=admin, Password=[PROTECTED], Enabled=true, AccountNonExpired=true, credentialsNonExpired=true, AccountNonLocked=true, Granted Authorities=[ROLE_ADMIN]], Credentials=[PROTECTED], Authenticated=true, Details=WebAuthenticationDetails [RemoteIpAddress=0:0:0:0:0:0:0:1, SessionId=null], Granted Authorities=[ROLE_ADMIN]] before authorizing
2023-11-17 09:43:05.916 TRACE 4244 --- [http-nio-8080-exec-5] o.s.s.w.a.i.FilterSecurityInterceptor    : Authorizing filter invocation [POST /api/admin/dish/create] with attributes [authenticated]
2023-11-17 09:43:05.916 DEBUG 4244 --- [http-nio-8080-exec-5] o.s.s.w.a.i.FilterSecurityInterceptor    : Authorized filter invocation [POST /api/admin/dish/create] with attributes [authenticated]
2023-11-17 09:43:05.918 TRACE 4244 --- [http-nio-8080-exec-5] o.s.s.w.a.i.FilterSecurityInterceptor    : Did not switch RunAs authentication since RunAsManager returned null
2023-11-17 09:43:05.918 DEBUG 4244 --- [http-nio-8080-exec-5] o.s.security.web.FilterChainProxy        : Secured POST /api/admin/dish/create
2023-11-17 09:43:06.057 TRACE 4244 --- [http-nio-8080-exec-5] o.s.s.w.header.writers.HstsHeaderWriter  : Not injecting HSTS header since it did not match request to [Is Secure]
2023-11-17 09:43:06.091 DEBUG 4244 --- [http-nio-8080-exec-5] s.s.w.c.SecurityContextPersistenceFilter : Cleared SecurityContextHolder to complete request
2023-11-17 09:50:02.793  INFO 4244 --- [SpringApplicationShutdownHook] j.LocalContainerEntityManagerFactoryBean : Closing JPA EntityManagerFactory for persistence unit 'default'
2023-11-17 09:50:02.795  INFO 4244 --- [SpringApplicationShutdownHook] com.zaxxer.hikari.HikariDataSource       : HikariPool-1 - Shutdown initiated...
2023-11-17 09:50:02.807  INFO 4244 --- [SpringApplicationShutdownHook] com.zaxxer.hikari.HikariDataSource       : HikariPool-1 - Shutdown completed.
2023-11-17 09:50:10.403  INFO 12720 --- [main] c.r.SpringBootRestApiStarterApplication  : Starting SpringBootRestApiStarterApplication using Java 17.0.8 on KS20L480 with PID 12720 (C:\Users\kumaran\Documents\Projects\SpringBoot Restaurant Ordering System\target\classes started by kumaran in C:\Users\kumaran\Documents\Projects\SpringBoot Restaurant Ordering System)
2023-11-17 09:50:10.408  INFO 12720 --- [main] c.r.SpringBootRestApiStarterApplication  : No active profile set, falling back to 1 default profile: "default"
2023-11-17 09:50:12.155  INFO 12720 --- [main] .s.d.r.c.RepositoryConfigurationDelegate : Bootstrapping Spring Data JPA repositories in DEFAULT mode.
2023-11-17 09:50:12.324  INFO 12720 --- [main] .s.d.r.c.RepositoryConfigurationDelegate : Finished Spring Data repository scanning in 154 ms. Found 8 JPA repository interfaces.
2023-11-17 09:50:13.567  INFO 12720 --- [main] o.s.b.w.embedded.tomcat.TomcatWebServer  : Tomcat initialized with port(s): 8080 (http)
2023-11-17 09:50:13.588  INFO 12720 --- [main] o.apache.catalina.core.StandardService   : Starting service [Tomcat]
2023-11-17 09:50:13.589  INFO 12720 --- [main] org.apache.catalina.core.StandardEngine  : Starting Servlet engine: [Apache Tomcat/9.0.82]
2023-11-17 09:50:13.845  INFO 12720 --- [main] o.a.c.c.C.[Tomcat].[localhost].[/]       : Initializing Spring embedded WebApplicationContext
2023-11-17 09:50:13.847  INFO 12720 --- [main] w.s.c.ServletWebServerApplicationContext : Root WebApplicationContext: initialization completed in 3339 ms
2023-11-17 09:50:14.150  INFO 12720 --- [main] o.hibernate.jpa.internal.util.LogHelper  : HHH000204: Processing PersistenceUnitInfo [name: default]
2023-11-17 09:50:14.223  INFO 12720 --- [main] org.hibernate.Version                    : HHH000412: Hibernate ORM core version 5.6.15.Final
2023-11-17 09:50:14.505  INFO 12720 --- [main] o.hibernate.annotations.common.Version   : HCANN000001: Hibernate Commons Annotations {5.1.2.Final}
2023-11-17 09:50:14.659  INFO 12720 --- [main] com.zaxxer.hikari.HikariDataSource       : HikariPool-1 - Starting...
2023-11-17 09:50:14.670  WARN 12720 --- [main] com.zaxxer.hikari.util.DriverDataSource  : Registered driver with driverClassName=com.mysql.jdbc.Driver was not found, trying direct instantiation.
2023-11-17 09:50:14.970  INFO 12720 --- [main] com.zaxxer.hikari.HikariDataSource       : HikariPool-1 - Start completed.
2023-11-17 09:50:14.991  INFO 12720 --- [main] org.hibernate.dialect.Dialect            : HHH000400: Using dialect: org.hibernate.dialect.MySQL8Dialect
2023-11-17 09:50:16.446  INFO 12720 --- [main] o.h.e.t.j.p.i.JtaPlatformInitiator       : HHH000490: Using JtaPlatform implementation: [org.hibernate.engine.transaction.jta.platform.internal.NoJtaPlatform]
2023-11-17 09:50:16.464  INFO 12720 --- [main] j.LocalContainerEntityManagerFactoryBean : Initialized JPA EntityManagerFactory for persistence unit 'default'
2023-11-17 09:50:16.539  WARN 12720 --- [main] JpaBaseConfiguration$JpaWebConfiguration : spring.jpa.open-in-view is enabled by default. Therefore, database queries may be performed during view rendering. Explicitly configure spring.jpa.open-in-view to disable this warning
2023-11-17 09:50:18.731 TRACE 12720 --- [main] eGlobalAuthenticationAutowiredConfigurer : Eagerly initializing {securityConfig=com.restapi.config.SecurityConfig$$EnhancerBySpringCGLIB$$a41ccd5@40199d5e}
2023-11-17 09:50:18.879 DEBUG 12720 --- [main] edFilterInvocationSecurityMetadataSource : Adding web access control expression [permitAll] for Ant [pattern='/h2-console/**']
2023-11-17 09:50:18.901 DEBUG 12720 --- [main] edFilterInvocationSecurityMetadataSource : Adding web access control expression [permitAll] for Ant [pattern='/api/auth/**']
2023-11-17 09:50:18.901 DEBUG 12720 --- [main] edFilterInvocationSecurityMetadataSource : Adding web access control expression [permitAll] for Ant [pattern='/swagger-ui/**']
2023-11-17 09:50:18.902 DEBUG 12720 --- [main] edFilterInvocationSecurityMetadataSource : Adding web access control expression [authenticated] for any request
2023-11-17 09:50:18.912 TRACE 12720 --- [main] o.s.s.w.a.i.FilterSecurityInterceptor    : Validated configuration attributes
2023-11-17 09:50:18.913 TRACE 12720 --- [main] o.s.s.w.a.i.FilterSecurityInterceptor    : Validated configuration attributes
2023-11-17 09:50:18.919  INFO 12720 --- [main] o.s.s.web.DefaultSecurityFilterChain     : Will secure any request with [org.springframework.security.web.session.DisableEncodeUrlFilter@7bb4f09d, org.springframework.security.web.context.request.async.WebAsyncManagerIntegrationFilter@ee7a538, org.springframework.security.web.context.SecurityContextPersistenceFilter@27ada0e8, org.springframework.security.web.header.HeaderWriterFilter@423791, org.springframework.security.web.authentication.logout.LogoutFilter@d082916, org.springframework.security.web.authentication.www.BasicAuthenticationFilter@698394bf, org.springframework.security.web.savedrequest.RequestCacheAwareFilter@4b6942a0, org.springframework.security.web.servletapi.SecurityContextHolderAwareRequestFilter@64641998, org.springframework.security.web.authentication.AnonymousAuthenticationFilter@7c045627, org.springframework.security.web.session.SessionManagementFilter@48b1b469, org.springframework.security.web.access.ExceptionTranslationFilter@2bd8c8f1, org.springframework.security.web.access.intercept.FilterSecurityInterceptor@5ae6119b]
2023-11-17 09:50:19.279  INFO 12720 --- [main] o.s.b.w.embedded.tomcat.TomcatWebServer  : Tomcat started on port(s): 8080 (http) with context path ''
2023-11-17 09:50:19.796  INFO 12720 --- [main] c.r.SpringBootRestApiStarterApplication  : Started SpringBootRestApiStarterApplication in 10.141 seconds (JVM running for 10.921)
2023-11-17 09:50:26.873  INFO 12720 --- [http-nio-8080-exec-2] o.a.c.c.C.[Tomcat].[localhost].[/]       : Initializing Spring DispatcherServlet 'dispatcherServlet'
2023-11-17 09:50:26.874  INFO 12720 --- [http-nio-8080-exec-2] o.s.web.servlet.DispatcherServlet        : Initializing Servlet 'dispatcherServlet'
2023-11-17 09:50:26.875  INFO 12720 --- [http-nio-8080-exec-2] o.s.web.servlet.DispatcherServlet        : Completed initialization in 1 ms
2023-11-17 09:50:26.891 TRACE 12720 --- [http-nio-8080-exec-2] o.s.security.web.FilterChainProxy        : Trying to match request against DefaultSecurityFilterChain [RequestMatcher=any request, Filters=[org.springframework.security.web.session.DisableEncodeUrlFilter@7bb4f09d, org.springframework.security.web.context.request.async.WebAsyncManagerIntegrationFilter@ee7a538, org.springframework.security.web.context.SecurityContextPersistenceFilter@27ada0e8, org.springframework.security.web.header.HeaderWriterFilter@423791, org.springframework.security.web.authentication.logout.LogoutFilter@d082916, org.springframework.security.web.authentication.www.BasicAuthenticationFilter@698394bf, org.springframework.security.web.savedrequest.RequestCacheAwareFilter@4b6942a0, org.springframework.security.web.servletapi.SecurityContextHolderAwareRequestFilter@64641998, org.springframework.security.web.authentication.AnonymousAuthenticationFilter@7c045627, org.springframework.security.web.session.SessionManagementFilter@48b1b469, org.springframework.security.web.access.ExceptionTranslationFilter@2bd8c8f1, org.springframework.security.web.access.intercept.FilterSecurityInterceptor@5ae6119b]] (1/1)
2023-11-17 09:50:26.892 DEBUG 12720 --- [http-nio-8080-exec-2] o.s.security.web.FilterChainProxy        : Securing POST /api/admin/dish/create
2023-11-17 09:50:26.894 TRACE 12720 --- [http-nio-8080-exec-2] o.s.security.web.FilterChainProxy        : Invoking DisableEncodeUrlFilter (1/12)
2023-11-17 09:50:26.896 TRACE 12720 --- [http-nio-8080-exec-2] o.s.security.web.FilterChainProxy        : Invoking WebAsyncManagerIntegrationFilter (2/12)
2023-11-17 09:50:26.900 TRACE 12720 --- [http-nio-8080-exec-2] o.s.security.web.FilterChainProxy        : Invoking SecurityContextPersistenceFilter (3/12)
2023-11-17 09:50:26.901 DEBUG 12720 --- [http-nio-8080-exec-2] s.s.w.c.SecurityContextPersistenceFilter : Set SecurityContextHolder to empty SecurityContext
2023-11-17 09:50:26.901 TRACE 12720 --- [http-nio-8080-exec-2] o.s.security.web.FilterChainProxy        : Invoking HeaderWriterFilter (4/12)
2023-11-17 09:50:26.905 TRACE 12720 --- [http-nio-8080-exec-2] o.s.security.web.FilterChainProxy        : Invoking LogoutFilter (5/12)
2023-11-17 09:50:26.906 TRACE 12720 --- [http-nio-8080-exec-2] o.s.s.w.a.logout.LogoutFilter            : Did not match request to Or [Ant [pattern='/logout', GET], Ant [pattern='/logout', POST], Ant [pattern='/logout', PUT], Ant [pattern='/logout', DELETE]]
2023-11-17 09:50:26.906 TRACE 12720 --- [http-nio-8080-exec-2] o.s.security.web.FilterChainProxy        : Invoking BasicAuthenticationFilter (6/12)
2023-11-17 09:50:26.909 TRACE 12720 --- [http-nio-8080-exec-2] o.s.s.w.a.www.BasicAuthenticationFilter  : Found username 'admin' in Basic Authorization header
2023-11-17 09:50:26.909 TRACE 12720 --- [http-nio-8080-exec-2] o.s.s.authentication.ProviderManager     : Authenticating request with DaoAuthenticationProvider (1/1)
2023-11-17 09:50:27.192 DEBUG 12720 --- [http-nio-8080-exec-2] o.s.s.a.dao.DaoAuthenticationProvider    : Authenticated user
2023-11-17 09:50:27.193 DEBUG 12720 --- [http-nio-8080-exec-2] o.s.s.w.a.www.BasicAuthenticationFilter  : Set SecurityContextHolder to UsernamePasswordAuthenticationToken [Principal=org.springframework.security.core.userdetails.User [Username=admin, Password=[PROTECTED], Enabled=true, AccountNonExpired=true, credentialsNonExpired=true, AccountNonLocked=true, Granted Authorities=[ROLE_ADMIN]], Credentials=[PROTECTED], Authenticated=true, Details=WebAuthenticationDetails [RemoteIpAddress=0:0:0:0:0:0:0:1, SessionId=null], Granted Authorities=[ROLE_ADMIN]]
2023-11-17 09:50:27.194 TRACE 12720 --- [http-nio-8080-exec-2] o.s.security.web.FilterChainProxy        : Invoking RequestCacheAwareFilter (7/12)
2023-11-17 09:50:27.196 TRACE 12720 --- [http-nio-8080-exec-2] o.s.security.web.FilterChainProxy        : Invoking SecurityContextHolderAwareRequestFilter (8/12)
2023-11-17 09:50:27.197 TRACE 12720 --- [http-nio-8080-exec-2] o.s.security.web.FilterChainProxy        : Invoking AnonymousAuthenticationFilter (9/12)
2023-11-17 09:50:27.198 TRACE 12720 --- [http-nio-8080-exec-2] o.s.s.w.a.AnonymousAuthenticationFilter  : Did not set SecurityContextHolder since already authenticated UsernamePasswordAuthenticationToken [Principal=org.springframework.security.core.userdetails.User [Username=admin, Password=[PROTECTED], Enabled=true, AccountNonExpired=true, credentialsNonExpired=true, AccountNonLocked=true, Granted Authorities=[ROLE_ADMIN]], Credentials=[PROTECTED], Authenticated=true, Details=WebAuthenticationDetails [RemoteIpAddress=0:0:0:0:0:0:0:1, SessionId=null], Granted Authorities=[ROLE_ADMIN]]
2023-11-17 09:50:27.199 TRACE 12720 --- [http-nio-8080-exec-2] o.s.security.web.FilterChainProxy        : Invoking SessionManagementFilter (10/12)
2023-11-17 09:50:27.199 TRACE 12720 --- [http-nio-8080-exec-2] s.CompositeSessionAuthenticationStrategy : Preparing session with ChangeSessionIdAuthenticationStrategy (1/1)
2023-11-17 09:50:27.199 TRACE 12720 --- [http-nio-8080-exec-2] o.s.security.web.FilterChainProxy        : Invoking ExceptionTranslationFilter (11/12)
2023-11-17 09:50:27.199 TRACE 12720 --- [http-nio-8080-exec-2] o.s.security.web.FilterChainProxy        : Invoking FilterSecurityInterceptor (12/12)
2023-11-17 09:50:27.200 TRACE 12720 --- [http-nio-8080-exec-2] edFilterInvocationSecurityMetadataSource : Did not match request to Ant [pattern='/h2-console/**'] - [permitAll] (1/4)
2023-11-17 09:50:27.200 TRACE 12720 --- [http-nio-8080-exec-2] edFilterInvocationSecurityMetadataSource : Did not match request to Ant [pattern='/api/auth/**'] - [permitAll] (2/4)
2023-11-17 09:50:27.200 TRACE 12720 --- [http-nio-8080-exec-2] edFilterInvocationSecurityMetadataSource : Did not match request to Ant [pattern='/swagger-ui/**'] - [permitAll] (3/4)
2023-11-17 09:50:27.201 TRACE 12720 --- [http-nio-8080-exec-2] o.s.s.w.a.i.FilterSecurityInterceptor    : Did not re-authenticate UsernamePasswordAuthenticationToken [Principal=org.springframework.security.core.userdetails.User [Username=admin, Password=[PROTECTED], Enabled=true, AccountNonExpired=true, credentialsNonExpired=true, AccountNonLocked=true, Granted Authorities=[ROLE_ADMIN]], Credentials=[PROTECTED], Authenticated=true, Details=WebAuthenticationDetails [RemoteIpAddress=0:0:0:0:0:0:0:1, SessionId=null], Granted Authorities=[ROLE_ADMIN]] before authorizing
2023-11-17 09:50:27.201 TRACE 12720 --- [http-nio-8080-exec-2] o.s.s.w.a.i.FilterSecurityInterceptor    : Authorizing filter invocation [POST /api/admin/dish/create] with attributes [authenticated]
2023-11-17 09:50:27.210 DEBUG 12720 --- [http-nio-8080-exec-2] o.s.s.w.a.i.FilterSecurityInterceptor    : Authorized filter invocation [POST /api/admin/dish/create] with attributes [authenticated]
2023-11-17 09:50:27.211 TRACE 12720 --- [http-nio-8080-exec-2] o.s.s.w.a.i.FilterSecurityInterceptor    : Did not switch RunAs authentication since RunAsManager returned null
2023-11-17 09:50:27.212 DEBUG 12720 --- [http-nio-8080-exec-2] o.s.security.web.FilterChainProxy        : Secured POST /api/admin/dish/create
2023-11-17 09:50:27.510 TRACE 12720 --- [http-nio-8080-exec-2] o.s.s.w.header.writers.HstsHeaderWriter  : Not injecting HSTS header since it did not match request to [Is Secure]
2023-11-17 09:50:27.526 DEBUG 12720 --- [http-nio-8080-exec-2] s.s.w.c.SecurityContextPersistenceFilter : Cleared SecurityContextHolder to complete request
2023-11-17 09:50:39.304 TRACE 12720 --- [http-nio-8080-exec-1] o.s.security.web.FilterChainProxy        : Trying to match request against DefaultSecurityFilterChain [RequestMatcher=any request, Filters=[org.springframework.security.web.session.DisableEncodeUrlFilter@7bb4f09d, org.springframework.security.web.context.request.async.WebAsyncManagerIntegrationFilter@ee7a538, org.springframework.security.web.context.SecurityContextPersistenceFilter@27ada0e8, org.springframework.security.web.header.HeaderWriterFilter@423791, org.springframework.security.web.authentication.logout.LogoutFilter@d082916, org.springframework.security.web.authentication.www.BasicAuthenticationFilter@698394bf, org.springframework.security.web.savedrequest.RequestCacheAwareFilter@4b6942a0, org.springframework.security.web.servletapi.SecurityContextHolderAwareRequestFilter@64641998, org.springframework.security.web.authentication.AnonymousAuthenticationFilter@7c045627, org.springframework.security.web.session.SessionManagementFilter@48b1b469, org.springframework.security.web.access.ExceptionTranslationFilter@2bd8c8f1, org.springframework.security.web.access.intercept.FilterSecurityInterceptor@5ae6119b]] (1/1)
2023-11-17 09:50:39.304 DEBUG 12720 --- [http-nio-8080-exec-1] o.s.security.web.FilterChainProxy        : Securing GET /api/admin/dish/all
2023-11-17 09:50:39.304 TRACE 12720 --- [http-nio-8080-exec-1] o.s.security.web.FilterChainProxy        : Invoking DisableEncodeUrlFilter (1/12)
2023-11-17 09:50:39.304 TRACE 12720 --- [http-nio-8080-exec-1] o.s.security.web.FilterChainProxy        : Invoking WebAsyncManagerIntegrationFilter (2/12)
2023-11-17 09:50:39.304 TRACE 12720 --- [http-nio-8080-exec-1] o.s.security.web.FilterChainProxy        : Invoking SecurityContextPersistenceFilter (3/12)
2023-11-17 09:50:39.304 DEBUG 12720 --- [http-nio-8080-exec-1] s.s.w.c.SecurityContextPersistenceFilter : Set SecurityContextHolder to empty SecurityContext
2023-11-17 09:50:39.304 TRACE 12720 --- [http-nio-8080-exec-1] o.s.security.web.FilterChainProxy        : Invoking HeaderWriterFilter (4/12)
2023-11-17 09:50:39.304 TRACE 12720 --- [http-nio-8080-exec-1] o.s.security.web.FilterChainProxy        : Invoking LogoutFilter (5/12)
2023-11-17 09:50:39.304 TRACE 12720 --- [http-nio-8080-exec-1] o.s.s.w.a.logout.LogoutFilter            : Did not match request to Or [Ant [pattern='/logout', GET], Ant [pattern='/logout', POST], Ant [pattern='/logout', PUT], Ant [pattern='/logout', DELETE]]
2023-11-17 09:50:39.304 TRACE 12720 --- [http-nio-8080-exec-1] o.s.security.web.FilterChainProxy        : Invoking BasicAuthenticationFilter (6/12)
2023-11-17 09:50:39.304 TRACE 12720 --- [http-nio-8080-exec-1] o.s.s.w.a.www.BasicAuthenticationFilter  : Found username 'admin' in Basic Authorization header
2023-11-17 09:50:39.304 TRACE 12720 --- [http-nio-8080-exec-1] o.s.s.authentication.ProviderManager     : Authenticating request with DaoAuthenticationProvider (1/1)
2023-11-17 09:50:39.526 DEBUG 12720 --- [http-nio-8080-exec-1] o.s.s.a.dao.DaoAuthenticationProvider    : Authenticated user
2023-11-17 09:50:39.532 DEBUG 12720 --- [http-nio-8080-exec-1] o.s.s.w.a.www.BasicAuthenticationFilter  : Set SecurityContextHolder to UsernamePasswordAuthenticationToken [Principal=org.springframework.security.core.userdetails.User [Username=admin, Password=[PROTECTED], Enabled=true, AccountNonExpired=true, credentialsNonExpired=true, AccountNonLocked=true, Granted Authorities=[ROLE_ADMIN]], Credentials=[PROTECTED], Authenticated=true, Details=WebAuthenticationDetails [RemoteIpAddress=0:0:0:0:0:0:0:1, SessionId=null], Granted Authorities=[ROLE_ADMIN]]
2023-11-17 09:50:39.532 TRACE 12720 --- [http-nio-8080-exec-1] o.s.security.web.FilterChainProxy        : Invoking RequestCacheAwareFilter (7/12)
2023-11-17 09:50:39.532 TRACE 12720 --- [http-nio-8080-exec-1] o.s.security.web.FilterChainProxy        : Invoking SecurityContextHolderAwareRequestFilter (8/12)
2023-11-17 09:50:39.534 TRACE 12720 --- [http-nio-8080-exec-1] o.s.security.web.FilterChainProxy        : Invoking AnonymousAuthenticationFilter (9/12)
2023-11-17 09:50:39.534 TRACE 12720 --- [http-nio-8080-exec-1] o.s.s.w.a.AnonymousAuthenticationFilter  : Did not set SecurityContextHolder since already authenticated UsernamePasswordAuthenticationToken [Principal=org.springframework.security.core.userdetails.User [Username=admin, Password=[PROTECTED], Enabled=true, AccountNonExpired=true, credentialsNonExpired=true, AccountNonLocked=true, Granted Authorities=[ROLE_ADMIN]], Credentials=[PROTECTED], Authenticated=true, Details=WebAuthenticationDetails [RemoteIpAddress=0:0:0:0:0:0:0:1, SessionId=null], Granted Authorities=[ROLE_ADMIN]]
2023-11-17 09:50:39.534 TRACE 12720 --- [http-nio-8080-exec-1] o.s.security.web.FilterChainProxy        : Invoking SessionManagementFilter (10/12)
2023-11-17 09:50:39.535 TRACE 12720 --- [http-nio-8080-exec-1] s.CompositeSessionAuthenticationStrategy : Preparing session with ChangeSessionIdAuthenticationStrategy (1/1)
2023-11-17 09:50:39.535 TRACE 12720 --- [http-nio-8080-exec-1] o.s.security.web.FilterChainProxy        : Invoking ExceptionTranslationFilter (11/12)
2023-11-17 09:50:39.535 TRACE 12720 --- [http-nio-8080-exec-1] o.s.security.web.FilterChainProxy        : Invoking FilterSecurityInterceptor (12/12)
2023-11-17 09:50:39.535 TRACE 12720 --- [http-nio-8080-exec-1] edFilterInvocationSecurityMetadataSource : Did not match request to Ant [pattern='/h2-console/**'] - [permitAll] (1/4)
2023-11-17 09:50:39.535 TRACE 12720 --- [http-nio-8080-exec-1] edFilterInvocationSecurityMetadataSource : Did not match request to Ant [pattern='/api/auth/**'] - [permitAll] (2/4)
2023-11-17 09:50:39.535 TRACE 12720 --- [http-nio-8080-exec-1] edFilterInvocationSecurityMetadataSource : Did not match request to Ant [pattern='/swagger-ui/**'] - [permitAll] (3/4)
2023-11-17 09:50:39.535 TRACE 12720 --- [http-nio-8080-exec-1] o.s.s.w.a.i.FilterSecurityInterceptor    : Did not re-authenticate UsernamePasswordAuthenticationToken [Principal=org.springframework.security.core.userdetails.User [Username=admin, Password=[PROTECTED], Enabled=true, AccountNonExpired=true, credentialsNonExpired=true, AccountNonLocked=true, Granted Authorities=[ROLE_ADMIN]], Credentials=[PROTECTED], Authenticated=true, Details=WebAuthenticationDetails [RemoteIpAddress=0:0:0:0:0:0:0:1, SessionId=null], Granted Authorities=[ROLE_ADMIN]] before authorizing
2023-11-17 09:50:39.535 TRACE 12720 --- [http-nio-8080-exec-1] o.s.s.w.a.i.FilterSecurityInterceptor    : Authorizing filter invocation [GET /api/admin/dish/all] with attributes [authenticated]
2023-11-17 09:50:39.535 DEBUG 12720 --- [http-nio-8080-exec-1] o.s.s.w.a.i.FilterSecurityInterceptor    : Authorized filter invocation [GET /api/admin/dish/all] with attributes [authenticated]
2023-11-17 09:50:39.535 TRACE 12720 --- [http-nio-8080-exec-1] o.s.s.w.a.i.FilterSecurityInterceptor    : Did not switch RunAs authentication since RunAsManager returned null
2023-11-17 09:50:39.535 DEBUG 12720 --- [http-nio-8080-exec-1] o.s.security.web.FilterChainProxy        : Secured GET /api/admin/dish/all
2023-11-17 09:50:39.558 TRACE 12720 --- [http-nio-8080-exec-1] o.s.s.w.header.writers.HstsHeaderWriter  : Not injecting HSTS header since it did not match request to [Is Secure]
2023-11-17 09:50:39.566 DEBUG 12720 --- [http-nio-8080-exec-1] s.s.w.c.SecurityContextPersistenceFilter : Cleared SecurityContextHolder to complete request
2023-11-17 09:51:07.356  INFO 12720 --- [SpringApplicationShutdownHook] j.LocalContainerEntityManagerFactoryBean : Closing JPA EntityManagerFactory for persistence unit 'default'
2023-11-17 09:51:07.359  INFO 12720 --- [SpringApplicationShutdownHook] com.zaxxer.hikari.HikariDataSource       : HikariPool-1 - Shutdown initiated...
2023-11-17 09:51:07.368  INFO 12720 --- [SpringApplicationShutdownHook] com.zaxxer.hikari.HikariDataSource       : HikariPool-1 - Shutdown completed.
2023-11-17 09:51:11.431  INFO 12000 --- [main] c.r.SpringBootRestApiStarterApplication  : Starting SpringBootRestApiStarterApplication using Java 17.0.8 on KS20L480 with PID 12000 (C:\Users\kumaran\Documents\Projects\SpringBoot Restaurant Ordering System\target\classes started by kumaran in C:\Users\kumaran\Documents\Projects\SpringBoot Restaurant Ordering System)
2023-11-17 09:51:11.436  INFO 12000 --- [main] c.r.SpringBootRestApiStarterApplication  : No active profile set, falling back to 1 default profile: "default"
2023-11-17 09:51:12.946  INFO 12000 --- [main] .s.d.r.c.RepositoryConfigurationDelegate : Bootstrapping Spring Data JPA repositories in DEFAULT mode.
2023-11-17 09:51:13.071  INFO 12000 --- [main] .s.d.r.c.RepositoryConfigurationDelegate : Finished Spring Data repository scanning in 110 ms. Found 8 JPA repository interfaces.
2023-11-17 09:51:14.069  INFO 12000 --- [main] o.s.b.w.embedded.tomcat.TomcatWebServer  : Tomcat initialized with port(s): 8080 (http)
2023-11-17 09:51:14.091  INFO 12000 --- [main] o.apache.catalina.core.StandardService   : Starting service [Tomcat]
2023-11-17 09:51:14.092  INFO 12000 --- [main] org.apache.catalina.core.StandardEngine  : Starting Servlet engine: [Apache Tomcat/9.0.82]
2023-11-17 09:51:14.269  INFO 12000 --- [main] o.a.c.c.C.[Tomcat].[localhost].[/]       : Initializing Spring embedded WebApplicationContext
2023-11-17 09:51:14.270  INFO 12000 --- [main] w.s.c.ServletWebServerApplicationContext : Root WebApplicationContext: initialization completed in 2752 ms
2023-11-17 09:51:14.522  INFO 12000 --- [main] o.hibernate.jpa.internal.util.LogHelper  : HHH000204: Processing PersistenceUnitInfo [name: default]
2023-11-17 09:51:14.596  INFO 12000 --- [main] org.hibernate.Version                    : HHH000412: Hibernate ORM core version 5.6.15.Final
2023-11-17 09:51:14.838  INFO 12000 --- [main] o.hibernate.annotations.common.Version   : HCANN000001: Hibernate Commons Annotations {5.1.2.Final}
2023-11-17 09:51:14.988  INFO 12000 --- [main] com.zaxxer.hikari.HikariDataSource       : HikariPool-1 - Starting...
2023-11-17 09:51:14.995  WARN 12000 --- [main] com.zaxxer.hikari.util.DriverDataSource  : Registered driver with driverClassName=com.mysql.jdbc.Driver was not found, trying direct instantiation.
2023-11-17 09:51:15.227  INFO 12000 --- [main] com.zaxxer.hikari.HikariDataSource       : HikariPool-1 - Start completed.
2023-11-17 09:51:15.245  INFO 12000 --- [main] org.hibernate.dialect.Dialect            : HHH000400: Using dialect: org.hibernate.dialect.MySQL8Dialect
2023-11-17 09:51:16.336  INFO 12000 --- [main] o.h.e.t.j.p.i.JtaPlatformInitiator       : HHH000490: Using JtaPlatform implementation: [org.hibernate.engine.transaction.jta.platform.internal.NoJtaPlatform]
2023-11-17 09:51:16.345  INFO 12000 --- [main] j.LocalContainerEntityManagerFactoryBean : Initialized JPA EntityManagerFactory for persistence unit 'default'
2023-11-17 09:51:16.387  WARN 12000 --- [main] JpaBaseConfiguration$JpaWebConfiguration : spring.jpa.open-in-view is enabled by default. Therefore, database queries may be performed during view rendering. Explicitly configure spring.jpa.open-in-view to disable this warning
2023-11-17 09:51:17.960 TRACE 12000 --- [main] eGlobalAuthenticationAutowiredConfigurer : Eagerly initializing {securityConfig=com.restapi.config.SecurityConfig$$EnhancerBySpringCGLIB$$5832c683@571c7572}
2023-11-17 09:51:18.084 DEBUG 12000 --- [main] edFilterInvocationSecurityMetadataSource : Adding web access control expression [permitAll] for Ant [pattern='/h2-console/**']
2023-11-17 09:51:18.128 DEBUG 12000 --- [main] edFilterInvocationSecurityMetadataSource : Adding web access control expression [permitAll] for Ant [pattern='/api/auth/**']
2023-11-17 09:51:18.129 DEBUG 12000 --- [main] edFilterInvocationSecurityMetadataSource : Adding web access control expression [permitAll] for Ant [pattern='/swagger-ui/**']
2023-11-17 09:51:18.129 DEBUG 12000 --- [main] edFilterInvocationSecurityMetadataSource : Adding web access control expression [authenticated] for any request
2023-11-17 09:51:18.140 TRACE 12000 --- [main] o.s.s.w.a.i.FilterSecurityInterceptor    : Validated configuration attributes
2023-11-17 09:51:18.141 TRACE 12000 --- [main] o.s.s.w.a.i.FilterSecurityInterceptor    : Validated configuration attributes
2023-11-17 09:51:18.150  INFO 12000 --- [main] o.s.s.web.DefaultSecurityFilterChain     : Will secure any request with [org.springframework.security.web.session.DisableEncodeUrlFilter@d79a69b, org.springframework.security.web.context.request.async.WebAsyncManagerIntegrationFilter@51158fb1, org.springframework.security.web.context.SecurityContextPersistenceFilter@64641998, org.springframework.security.web.header.HeaderWriterFilter@1bf4a79b, org.springframework.security.web.authentication.logout.LogoutFilter@1f39b3ba, org.springframework.security.web.authentication.www.BasicAuthenticationFilter@7bb4f09d, org.springframework.security.web.savedrequest.RequestCacheAwareFilter@1e9afe4e, org.springframework.security.web.servletapi.SecurityContextHolderAwareRequestFilter@1f67d37f, org.springframework.security.web.authentication.AnonymousAuthenticationFilter@62682ece, org.springframework.security.web.session.SessionManagementFilter@27ada0e8, org.springframework.security.web.access.ExceptionTranslationFilter@3aac31b7, org.springframework.security.web.access.intercept.FilterSecurityInterceptor@329a27ae]
2023-11-17 09:51:18.517  INFO 12000 --- [main] o.s.b.w.embedded.tomcat.TomcatWebServer  : Tomcat started on port(s): 8080 (http) with context path ''
2023-11-17 09:51:19.113  INFO 12000 --- [main] c.r.SpringBootRestApiStarterApplication  : Started SpringBootRestApiStarterApplication in 8.309 seconds (JVM running for 8.883)
2023-11-17 09:51:35.449  INFO 12000 --- [http-nio-8080-exec-3] o.a.c.c.C.[Tomcat].[localhost].[/]       : Initializing Spring DispatcherServlet 'dispatcherServlet'
2023-11-17 09:51:35.449  INFO 12000 --- [http-nio-8080-exec-3] o.s.web.servlet.DispatcherServlet        : Initializing Servlet 'dispatcherServlet'
2023-11-17 09:51:35.449  INFO 12000 --- [http-nio-8080-exec-3] o.s.web.servlet.DispatcherServlet        : Completed initialization in 0 ms
2023-11-17 09:51:35.475 TRACE 12000 --- [http-nio-8080-exec-3] o.s.security.web.FilterChainProxy        : Trying to match request against DefaultSecurityFilterChain [RequestMatcher=any request, Filters=[org.springframework.security.web.session.DisableEncodeUrlFilter@d79a69b, org.springframework.security.web.context.request.async.WebAsyncManagerIntegrationFilter@51158fb1, org.springframework.security.web.context.SecurityContextPersistenceFilter@64641998, org.springframework.security.web.header.HeaderWriterFilter@1bf4a79b, org.springframework.security.web.authentication.logout.LogoutFilter@1f39b3ba, org.springframework.security.web.authentication.www.BasicAuthenticationFilter@7bb4f09d, org.springframework.security.web.savedrequest.RequestCacheAwareFilter@1e9afe4e, org.springframework.security.web.servletapi.SecurityContextHolderAwareRequestFilter@1f67d37f, org.springframework.security.web.authentication.AnonymousAuthenticationFilter@62682ece, org.springframework.security.web.session.SessionManagementFilter@27ada0e8, org.springframework.security.web.access.ExceptionTranslationFilter@3aac31b7, org.springframework.security.web.access.intercept.FilterSecurityInterceptor@329a27ae]] (1/1)
2023-11-17 09:51:35.475 DEBUG 12000 --- [http-nio-8080-exec-3] o.s.security.web.FilterChainProxy        : Securing GET /api/admin/dish/all
2023-11-17 09:51:35.484 TRACE 12000 --- [http-nio-8080-exec-3] o.s.security.web.FilterChainProxy        : Invoking DisableEncodeUrlFilter (1/12)
2023-11-17 09:51:35.484 TRACE 12000 --- [http-nio-8080-exec-3] o.s.security.web.FilterChainProxy        : Invoking WebAsyncManagerIntegrationFilter (2/12)
2023-11-17 09:51:35.490 TRACE 12000 --- [http-nio-8080-exec-3] o.s.security.web.FilterChainProxy        : Invoking SecurityContextPersistenceFilter (3/12)
2023-11-17 09:51:35.491 DEBUG 12000 --- [http-nio-8080-exec-3] s.s.w.c.SecurityContextPersistenceFilter : Set SecurityContextHolder to empty SecurityContext
2023-11-17 09:51:35.491 TRACE 12000 --- [http-nio-8080-exec-3] o.s.security.web.FilterChainProxy        : Invoking HeaderWriterFilter (4/12)
2023-11-17 09:51:35.491 TRACE 12000 --- [http-nio-8080-exec-3] o.s.security.web.FilterChainProxy        : Invoking LogoutFilter (5/12)
2023-11-17 09:51:35.491 TRACE 12000 --- [http-nio-8080-exec-3] o.s.s.w.a.logout.LogoutFilter            : Did not match request to Or [Ant [pattern='/logout', GET], Ant [pattern='/logout', POST], Ant [pattern='/logout', PUT], Ant [pattern='/logout', DELETE]]
2023-11-17 09:51:35.491 TRACE 12000 --- [http-nio-8080-exec-3] o.s.security.web.FilterChainProxy        : Invoking BasicAuthenticationFilter (6/12)
2023-11-17 09:51:35.499 TRACE 12000 --- [http-nio-8080-exec-3] o.s.s.w.a.www.BasicAuthenticationFilter  : Found username 'admin' in Basic Authorization header
2023-11-17 09:51:35.499 TRACE 12000 --- [http-nio-8080-exec-3] o.s.s.authentication.ProviderManager     : Authenticating request with DaoAuthenticationProvider (1/1)
2023-11-17 09:51:36.057 DEBUG 12000 --- [http-nio-8080-exec-3] o.s.s.a.dao.DaoAuthenticationProvider    : Authenticated user
2023-11-17 09:51:36.057 DEBUG 12000 --- [http-nio-8080-exec-3] o.s.s.w.a.www.BasicAuthenticationFilter  : Set SecurityContextHolder to UsernamePasswordAuthenticationToken [Principal=org.springframework.security.core.userdetails.User [Username=admin, Password=[PROTECTED], Enabled=true, AccountNonExpired=true, credentialsNonExpired=true, AccountNonLocked=true, Granted Authorities=[ROLE_ADMIN]], Credentials=[PROTECTED], Authenticated=true, Details=WebAuthenticationDetails [RemoteIpAddress=0:0:0:0:0:0:0:1, SessionId=null], Granted Authorities=[ROLE_ADMIN]]
2023-11-17 09:51:36.057 TRACE 12000 --- [http-nio-8080-exec-3] o.s.security.web.FilterChainProxy        : Invoking RequestCacheAwareFilter (7/12)
2023-11-17 09:51:36.057 TRACE 12000 --- [http-nio-8080-exec-3] o.s.security.web.FilterChainProxy        : Invoking SecurityContextHolderAwareRequestFilter (8/12)
2023-11-17 09:51:36.057 TRACE 12000 --- [http-nio-8080-exec-3] o.s.security.web.FilterChainProxy        : Invoking AnonymousAuthenticationFilter (9/12)
2023-11-17 09:51:36.057 TRACE 12000 --- [http-nio-8080-exec-3] o.s.s.w.a.AnonymousAuthenticationFilter  : Did not set SecurityContextHolder since already authenticated UsernamePasswordAuthenticationToken [Principal=org.springframework.security.core.userdetails.User [Username=admin, Password=[PROTECTED], Enabled=true, AccountNonExpired=true, credentialsNonExpired=true, AccountNonLocked=true, Granted Authorities=[ROLE_ADMIN]], Credentials=[PROTECTED], Authenticated=true, Details=WebAuthenticationDetails [RemoteIpAddress=0:0:0:0:0:0:0:1, SessionId=null], Granted Authorities=[ROLE_ADMIN]]
2023-11-17 09:51:36.066 TRACE 12000 --- [http-nio-8080-exec-3] o.s.security.web.FilterChainProxy        : Invoking SessionManagementFilter (10/12)
2023-11-17 09:51:36.066 TRACE 12000 --- [http-nio-8080-exec-3] s.CompositeSessionAuthenticationStrategy : Preparing session with ChangeSessionIdAuthenticationStrategy (1/1)
2023-11-17 09:51:36.066 TRACE 12000 --- [http-nio-8080-exec-3] o.s.security.web.FilterChainProxy        : Invoking ExceptionTranslationFilter (11/12)
2023-11-17 09:51:36.066 TRACE 12000 --- [http-nio-8080-exec-3] o.s.security.web.FilterChainProxy        : Invoking FilterSecurityInterceptor (12/12)
2023-11-17 09:51:36.066 TRACE 12000 --- [http-nio-8080-exec-3] edFilterInvocationSecurityMetadataSource : Did not match request to Ant [pattern='/h2-console/**'] - [permitAll] (1/4)
2023-11-17 09:51:36.066 TRACE 12000 --- [http-nio-8080-exec-3] edFilterInvocationSecurityMetadataSource : Did not match request to Ant [pattern='/api/auth/**'] - [permitAll] (2/4)
2023-11-17 09:51:36.066 TRACE 12000 --- [http-nio-8080-exec-3] edFilterInvocationSecurityMetadataSource : Did not match request to Ant [pattern='/swagger-ui/**'] - [permitAll] (3/4)
2023-11-17 09:51:36.066 TRACE 12000 --- [http-nio-8080-exec-3] o.s.s.w.a.i.FilterSecurityInterceptor    : Did not re-authenticate UsernamePasswordAuthenticationToken [Principal=org.springframework.security.core.userdetails.User [Username=admin, Password=[PROTECTED], Enabled=true, AccountNonExpired=true, credentialsNonExpired=true, AccountNonLocked=true, Granted Authorities=[ROLE_ADMIN]], Credentials=[PROTECTED], Authenticated=true, Details=WebAuthenticationDetails [RemoteIpAddress=0:0:0:0:0:0:0:1, SessionId=null], Granted Authorities=[ROLE_ADMIN]] before authorizing
2023-11-17 09:51:36.066 TRACE 12000 --- [http-nio-8080-exec-3] o.s.s.w.a.i.FilterSecurityInterceptor    : Authorizing filter invocation [GET /api/admin/dish/all] with attributes [authenticated]
2023-11-17 09:51:36.081 DEBUG 12000 --- [http-nio-8080-exec-3] o.s.s.w.a.i.FilterSecurityInterceptor    : Authorized filter invocation [GET /api/admin/dish/all] with attributes [authenticated]
2023-11-17 09:51:36.081 TRACE 12000 --- [http-nio-8080-exec-3] o.s.s.w.a.i.FilterSecurityInterceptor    : Did not switch RunAs authentication since RunAsManager returned null
2023-11-17 09:51:36.081 DEBUG 12000 --- [http-nio-8080-exec-3] o.s.security.web.FilterChainProxy        : Secured GET /api/admin/dish/all
2023-11-17 09:51:36.275 TRACE 12000 --- [http-nio-8080-exec-3] o.s.s.w.header.writers.HstsHeaderWriter  : Not injecting HSTS header since it did not match request to [Is Secure]
2023-11-17 09:51:36.293 DEBUG 12000 --- [http-nio-8080-exec-3] s.s.w.c.SecurityContextPersistenceFilter : Cleared SecurityContextHolder to complete request
